------------------------------------------------------------------------------
Archive name: etc-2023-06-10_12:49:41
Archive fingerprint: 24261f66c6d9d047008befa0cb066c15fd761916b2d6a39f6065ab91a8e4db1d
Time (start): Sat, 2023-06-10 12:49:42
Time (end):   Sat, 2023-06-10 12:49:43
Duration: 0.37 seconds
Number of files: 1700
Utilization of max. archive size: 0%
------------------------------------------------------------------------------
                       Original size      Compressed size    Deduplicated size
This archive:               28.43 MB             10.34 MB                659 B
All archives:              113.71 MB             41.37 MB              9.44 MB

                       Unique chunks         Total chunks
Chunk index:                    1286                 6788
------------------------------------------------------------------------------
------------------------------------------------------------------------------
Archive name: etc-2023-06-10_12:55:41
Archive fingerprint: 179c7bcf487029681b9e898b39c9496b4f1a5f7c3ee7ab88147a69f82ca98e08
Time (start): Sat, 2023-06-10 12:55:42
Time (end):   Sat, 2023-06-10 12:55:43
Duration: 0.41 seconds
Number of files: 1700
Utilization of max. archive size: 0%
------------------------------------------------------------------------------
                       Original size      Compressed size    Deduplicated size
This archive:               28.43 MB             10.34 MB                659 B
All archives:              113.71 MB             41.37 MB              9.44 MB

                       Unique chunks         Total chunks
Chunk index:                    1286                 6788
------------------------------------------------------------------------------
------------------------------------------------------------------------------
Archive name: etc-2023-06-10_13:01:01
Archive fingerprint: 1aeee01066567965037b17bd13f0c21545d02d132e6680c77c7a2a3961e452a8
Time (start): Sat, 2023-06-10 13:01:02
Time (end):   Sat, 2023-06-10 13:01:03
Duration: 0.43 seconds
Number of files: 1700
Utilization of max. archive size: 0%
------------------------------------------------------------------------------
                       Original size      Compressed size    Deduplicated size
This archive:               28.43 MB             10.34 MB                659 B
All archives:              113.71 MB             41.37 MB              9.44 MB

                       Unique chunks         Total chunks
Chunk index:                    1286                 6788
------------------------------------------------------------------------------
------------------------------------------------------------------------------
Archive name: etc-2023-06-10_13:06:01
Archive fingerprint: bdaab9b56c325c3f4c1add948040640a8dd9c1f9a6c3f1a6300fdf1cece99d4c
Time (start): Sat, 2023-06-10 13:06:02
Time (end):   Sat, 2023-06-10 13:06:03
Duration: 0.42 seconds
Number of files: 1700
Utilization of max. archive size: 0%
------------------------------------------------------------------------------
                       Original size      Compressed size    Deduplicated size
This archive:               28.43 MB             10.34 MB                659 B
All archives:              142.14 MB             51.72 MB              9.44 MB

                       Unique chunks         Total chunks
Chunk index:                    1287                 8485
------------------------------------------------------------------------------
------------------------------------------------------------------------------
Archive name: etc-2023-06-10_13:11:41
Archive fingerprint: 541e128e52405e8240dd8384a7d964319f0ccaebf23597da78ed0410aae72a28
Time (start): Sat, 2023-06-10 13:11:42
Time (end):   Sat, 2023-06-10 13:11:43
Duration: 0.38 seconds
Number of files: 1700
Utilization of max. archive size: 0%
------------------------------------------------------------------------------
                       Original size      Compressed size    Deduplicated size
This archive:               28.43 MB             10.34 MB                659 B
All archives:              142.14 MB             51.72 MB              9.44 MB

                       Unique chunks         Total chunks
Chunk index:                    1287                 8485
------------------------------------------------------------------------------
------------------------------------------------------------------------------
Archive name: etc-2023-06-10_13:17:41
Archive fingerprint: b3b95fe02315a327b5abd0c3aa2c7242a2d4acbd282fe57db6c36f6f2ba3bb23
Time (start): Sat, 2023-06-10 13:17:42
Time (end):   Sat, 2023-06-10 13:17:43
Duration: 0.42 seconds
Number of files: 1700
Utilization of max. archive size: 0%
------------------------------------------------------------------------------
                       Original size      Compressed size    Deduplicated size
This archive:               28.43 MB             10.34 MB                659 B
All archives:              142.14 MB             51.72 MB              9.44 MB

                       Unique chunks         Total chunks
Chunk index:                    1287                 8485
------------------------------------------------------------------------------
------------------------------------------------------------------------------
Archive name: etc-2023-06-10_13:23:41
Archive fingerprint: 7a49d7d4ff9fd9b3544aba3560a16525ea494a61bb1c5f3e135db1ddf2b2c562
Time (start): Sat, 2023-06-10 13:23:42
Time (end):   Sat, 2023-06-10 13:23:43
Duration: 0.39 seconds
Number of files: 1700
Utilization of max. archive size: 0%
------------------------------------------------------------------------------
                       Original size      Compressed size    Deduplicated size
This archive:               28.43 MB             10.34 MB                659 B
All archives:              142.14 MB             51.72 MB              9.44 MB

                       Unique chunks         Total chunks
Chunk index:                    1287                 8485
------------------------------------------------------------------------------
------------------------------------------------------------------------------
Archive name: etc-2023-06-10_13:29:41
Archive fingerprint: 9f1d077e88c951522927a4c2e78455b0ef13043629e2b55ee5d85bc261ea4e13
Time (start): Sat, 2023-06-10 13:29:42
Time (end):   Sat, 2023-06-10 13:29:43
Duration: 0.38 seconds
Number of files: 1700
Utilization of max. archive size: 0%
------------------------------------------------------------------------------
                       Original size      Compressed size    Deduplicated size
This archive:               28.43 MB             10.34 MB                659 B
All archives:              142.14 MB             51.72 MB              9.44 MB

                       Unique chunks         Total chunks
Chunk index:                    1287                 8485
------------------------------------------------------------------------------
------------------------------------------------------------------------------
Archive name: etc-2023-06-10_13:35:41
Archive fingerprint: 31c8d4c008683524b0a5db2930c8ad7e5d7afcc8e6caefd8eca13546dbe412db
Time (start): Sat, 2023-06-10 13:35:42
Time (end):   Sat, 2023-06-10 13:35:43
Duration: 0.39 seconds
Number of files: 1700
Utilization of max. archive size: 0%
------------------------------------------------------------------------------
                       Original size      Compressed size    Deduplicated size
This archive:               28.43 MB             10.34 MB                659 B
All archives:              142.14 MB             51.72 MB              9.44 MB

                       Unique chunks         Total chunks
Chunk index:                    1287                 8485
------------------------------------------------------------------------------
------------------------------------------------------------------------------
Archive name: etc-2023-06-10_13:41:41
Archive fingerprint: 0684781358b35ba64277d959a1c8c165690a3296a2f9abf5c221b66ea01737a5
Time (start): Sat, 2023-06-10 13:41:42
Time (end):   Sat, 2023-06-10 13:41:43
Duration: 0.43 seconds
Number of files: 1700
Utilization of max. archive size: 0%
------------------------------------------------------------------------------
                       Original size      Compressed size    Deduplicated size
This archive:               28.43 MB             10.34 MB                659 B
All archives:              142.14 MB             51.72 MB              9.44 MB

                       Unique chunks         Total chunks
Chunk index:                    1287                 8485
------------------------------------------------------------------------------
------------------------------------------------------------------------------
Archive name: etc-2023-06-10_13:47:41
Archive fingerprint: b47d8665f39bb96db47d4384dba71f60258aaf12291303ee68620fbcff8d56a6
Time (start): Sat, 2023-06-10 13:47:42
Time (end):   Sat, 2023-06-10 13:47:43
Duration: 0.44 seconds
Number of files: 1700
Utilization of max. archive size: 0%
------------------------------------------------------------------------------
                       Original size      Compressed size    Deduplicated size
This archive:               28.43 MB             10.34 MB                659 B
All archives:              142.14 MB             51.72 MB              9.44 MB

                       Unique chunks         Total chunks
Chunk index:                    1287                 8485
------------------------------------------------------------------------------
------------------------------------------------------------------------------
Archive name: etc-2023-06-10_13:53:41
Archive fingerprint: 3d8f0a9710a1335e31d05696a02c927a0378e31cee4981d91dbd4669fd965aad
Time (start): Sat, 2023-06-10 13:53:42
Time (end):   Sat, 2023-06-10 13:53:43
Duration: 0.44 seconds
Number of files: 1700
Utilization of max. archive size: 0%
------------------------------------------------------------------------------
                       Original size      Compressed size    Deduplicated size
This archive:               28.43 MB             10.34 MB                659 B
All archives:              142.14 MB             51.72 MB              9.44 MB

                       Unique chunks         Total chunks
Chunk index:                    1287                 8485
------------------------------------------------------------------------------
------------------------------------------------------------------------------
Archive name: etc-2023-06-10_13:59:41
Archive fingerprint: f3829331e4ef3a11fdf99c119bb7ee03404b18315787d648e417192869da90ee
Time (start): Sat, 2023-06-10 13:59:42
Time (end):   Sat, 2023-06-10 13:59:43
Duration: 0.39 seconds
Number of files: 1700
Utilization of max. archive size: 0%
------------------------------------------------------------------------------
                       Original size      Compressed size    Deduplicated size
This archive:               28.43 MB             10.34 MB                659 B
All archives:              142.14 MB             51.72 MB              9.44 MB

                       Unique chunks         Total chunks
Chunk index:                    1287                 8485
------------------------------------------------------------------------------
------------------------------------------------------------------------------
Archive name: etc-2023-06-10_14:05:41
Archive fingerprint: 7bbf935a66a85ce121e57faa606711e01084c08c08f9457f4ea3fbfc2a2411cb
Time (start): Sat, 2023-06-10 14:05:42
Time (end):   Sat, 2023-06-10 14:05:43
Duration: 0.41 seconds
Number of files: 1700
Utilization of max. archive size: 0%
------------------------------------------------------------------------------
                       Original size      Compressed size    Deduplicated size
This archive:               28.43 MB             10.34 MB                659 B
All archives:              142.14 MB             51.72 MB              9.44 MB

                       Unique chunks         Total chunks
Chunk index:                    1287                 8485
------------------------------------------------------------------------------
------------------------------------------------------------------------------
Archive name: etc-2023-06-10_14:11:41
Archive fingerprint: c62779c11e940547cffb31c6f7a1e315c28ebf26537cd7cd974c0f37a7a061f5
Time (start): Sat, 2023-06-10 14:11:42
Time (end):   Sat, 2023-06-10 14:11:43
Duration: 0.42 seconds
Number of files: 1700
Utilization of max. archive size: 0%
------------------------------------------------------------------------------
                       Original size      Compressed size    Deduplicated size
This archive:               28.43 MB             10.34 MB                659 B
All archives:              170.56 MB             62.06 MB              9.44 MB

                       Unique chunks         Total chunks
Chunk index:                    1288                10182
------------------------------------------------------------------------------
------------------------------------------------------------------------------
Archive name: etc-2023-06-10_14:17:41
Archive fingerprint: 3644cbc987afcf04b22de7c379e9842e0952b06fc38312df79d11ec524263ab2
Time (start): Sat, 2023-06-10 14:17:42
Time (end):   Sat, 2023-06-10 14:17:43
Duration: 0.42 seconds
Number of files: 1700
Utilization of max. archive size: 0%
------------------------------------------------------------------------------
                       Original size      Compressed size    Deduplicated size
This archive:               28.43 MB             10.34 MB                659 B
All archives:              170.56 MB             62.06 MB              9.44 MB

                       Unique chunks         Total chunks
Chunk index:                    1288                10182
------------------------------------------------------------------------------
------------------------------------------------------------------------------
Archive name: etc-2023-06-10_14:23:41
Archive fingerprint: a12d25c6325f0a9752bad2c5f62434026e686a7d402f6c155b0a8ecea3b5dc35
Time (start): Sat, 2023-06-10 14:23:42
Time (end):   Sat, 2023-06-10 14:23:43
Duration: 0.42 seconds
Number of files: 1700
Utilization of max. archive size: 0%
------------------------------------------------------------------------------
                       Original size      Compressed size    Deduplicated size
This archive:               28.43 MB             10.34 MB                659 B
All archives:              170.56 MB             62.06 MB              9.44 MB

                       Unique chunks         Total chunks
Chunk index:                    1288                10182
------------------------------------------------------------------------------
------------------------------------------------------------------------------
Archive name: etc-2023-06-10_14:29:41
Archive fingerprint: 987a3263704feec4da968b704867e8491d32f3847d4c8fa10fbebe977b95d493
Time (start): Sat, 2023-06-10 14:29:42
Time (end):   Sat, 2023-06-10 14:29:43
Duration: 0.42 seconds
Number of files: 1700
Utilization of max. archive size: 0%
------------------------------------------------------------------------------
                       Original size      Compressed size    Deduplicated size
This archive:               28.43 MB             10.34 MB                659 B
All archives:              170.56 MB             62.06 MB              9.44 MB

                       Unique chunks         Total chunks
Chunk index:                    1288                10182
------------------------------------------------------------------------------
------------------------------------------------------------------------------
Archive name: etc-2023-06-10_14:35:41
Archive fingerprint: a2b53dd8a02de0a7b7fd11d4898be6295aee948e3aec4415b6ef78ce75e134b7
Time (start): Sat, 2023-06-10 14:35:42
Time (end):   Sat, 2023-06-10 14:35:43
Duration: 0.43 seconds
Number of files: 1700
Utilization of max. archive size: 0%
------------------------------------------------------------------------------
                       Original size      Compressed size    Deduplicated size
This archive:               28.43 MB             10.34 MB                659 B
All archives:              170.56 MB             62.06 MB              9.44 MB

                       Unique chunks         Total chunks
Chunk index:                    1288                10182
------------------------------------------------------------------------------
[root@client etc]# borg extract borg@192.168.56.150:/var/backup::etc-2023-06-10_14:35:41 /etc/hosts
Include pattern '/etc/hosts' never matched.
[root@client etc]# ls /etc/ | grep hosts
hosts.allow
hosts.deny
[root@client etc]# borg extract borg@192.168.56.150:/var/backup::etc-2023-06-10_14:35:41 etc/hosts
[root@client etc]# ls /etc/ | grep hosts
hosts.allow
hosts.deny
[root@client etc]# ls -a /etc/ | grep hosts
hosts.allow
hosts.deny
[root@client etc]# cd  ~
[root@client ~]# ls
anaconda-ks.cfg  original-ks.cfg
[root@client ~]# borg extract borg@192.168.56.150:/var/backup::etc-2023-06-10_14:35:41 etc/hosts
[root@client ~]# ls
anaconda-ks.cfg  etc  original-ks.cfg
[root@client ~]# cd /
[root@client /]# borg extract borg@192.168.56.150:/var/backup::etc-2023-06-10_14:35:41 etc/hosts
[root@client /]# ls -a /etc/ | grep hosts
hosts
hosts.allow
hosts.deny
[root@client /]# ^C
[root@client /]# ^C
[root@client /]# ^C
[root@client /]# vi /var/log/borg.log 
[root@client /]# cat /var/log/borg.log
------------------------------------------------------------------------------
Archive name: etc-2023-06-10_10:53:56
Archive fingerprint: 6c58db7205c33f71885f0dfdd126abfc9ce20a3f99ad62edc51c14f7cfae3c2f
Time (start): Sat, 2023-06-10 10:53:57
Time (end):   Sat, 2023-06-10 10:54:02
Duration: 5.51 seconds
Number of files: 1700
Utilization of max. archive size: 0%
------------------------------------------------------------------------------
                       Original size      Compressed size    Deduplicated size
This archive:               28.43 MB             10.34 MB              9.40 MB
All archives:               28.43 MB             10.34 MB              9.40 MB

                       Unique chunks         Total chunks
Chunk index:                    1280                 1696
------------------------------------------------------------------------------
------------------------------------------------------------------------------
Archive name: etc-2023-06-10_10:59:27
Archive fingerprint: 7826b10d6a72c60cb4bf886178c751784d8cf5f4f104bfab4db75a9bc0758717
Time (start): Sat, 2023-06-10 10:59:28
Time (end):   Sat, 2023-06-10 10:59:28
Duration: 0.44 seconds
Number of files: 1700
Utilization of max. archive size: 0%
------------------------------------------------------------------------------
                       Original size      Compressed size    Deduplicated size
This archive:               28.43 MB             10.34 MB            100.25 kB
All archives:               56.85 MB             20.68 MB              9.50 MB

                       Unique chunks         Total chunks
Chunk index:                    1287                 3393
------------------------------------------------------------------------------
------------------------------------------------------------------------------
Archive name: etc-2023-06-10_11:04:41
Archive fingerprint: 0c6277c1816a4c9ca06b531ea749cb88f10d7f84cfcc38ea473d93f527079289
Time (start): Sat, 2023-06-10 11:04:42
Time (end):   Sat, 2023-06-10 11:04:43
Duration: 0.40 seconds
Number of files: 1700
Utilization of max. archive size: 0%
------------------------------------------------------------------------------
                       Original size      Compressed size    Deduplicated size
This archive:               28.43 MB             10.34 MB             32.48 kB
All archives:               56.85 MB             20.69 MB              9.44 MB

                       Unique chunks         Total chunks
Chunk index:                    1284                 3394
------------------------------------------------------------------------------
------------------------------------------------------------------------------
Archive name: etc-2023-06-10_11:10:41
Archive fingerprint: 5c0b7e7ffc5b122c54da5403400ffb9afdbd2bf6430e0e2c617b665dd68db45b
Time (start): Sat, 2023-06-10 11:10:42
Time (end):   Sat, 2023-06-10 11:10:43
Duration: 0.43 seconds
Number of files: 1700
Utilization of max. archive size: 0%
------------------------------------------------------------------------------
                       Original size      Compressed size    Deduplicated size
This archive:               28.43 MB             10.34 MB                660 B
All archives:               85.28 MB             31.03 MB              9.44 MB

                       Unique chunks         Total chunks
Chunk index:                    1285                 5091
------------------------------------------------------------------------------
------------------------------------------------------------------------------
Archive name: etc-2023-06-10_11:16:41
Archive fingerprint: 1fb668ec8a2f04da54b9c43b182c67f7eb1226841282f41c65c4681f72635c06
Time (start): Sat, 2023-06-10 11:16:42
Time (end):   Sat, 2023-06-10 11:16:43
Duration: 0.41 seconds
Number of files: 1700
Utilization of max. archive size: 0%
------------------------------------------------------------------------------
                       Original size      Compressed size    Deduplicated size
This archive:               28.43 MB             10.34 MB                660 B
All archives:               85.28 MB             31.03 MB              9.44 MB

                       Unique chunks         Total chunks
Chunk index:                    1285                 5091
------------------------------------------------------------------------------
------------------------------------------------------------------------------
Archive name: etc-2023-06-10_11:22:41
Archive fingerprint: af1a8088530af5a0720adbde48cc3f32e7ea186cdc82fb50e8e25cf4b95cbcd5
Time (start): Sat, 2023-06-10 11:22:42
Time (end):   Sat, 2023-06-10 11:22:43
Duration: 0.39 seconds
Number of files: 1700
Utilization of max. archive size: 0%
------------------------------------------------------------------------------
                       Original size      Compressed size    Deduplicated size
This archive:               28.43 MB             10.34 MB                660 B
All archives:               85.28 MB             31.03 MB              9.44 MB

                       Unique chunks         Total chunks
Chunk index:                    1285                 5091
------------------------------------------------------------------------------
------------------------------------------------------------------------------
Archive name: etc-2023-06-10_11:28:41
Archive fingerprint: cf9f7120b6374453b5ba677ec37f706def39c6c57088a1986c8722b6922e6ab4
Time (start): Sat, 2023-06-10 11:28:42
Time (end):   Sat, 2023-06-10 11:28:43
Duration: 0.41 seconds
Number of files: 1700
Utilization of max. archive size: 0%
------------------------------------------------------------------------------
                       Original size      Compressed size    Deduplicated size
This archive:               28.43 MB             10.34 MB                660 B
All archives:               85.28 MB             31.03 MB              9.44 MB

                       Unique chunks         Total chunks
Chunk index:                    1285                 5091
------------------------------------------------------------------------------
------------------------------------------------------------------------------
Archive name: etc-2023-06-10_11:34:23
Archive fingerprint: f2614323ad0120ee66a28b44ae840b0ca65908c73ca8eadfedcb9c0efd106733
Time (start): Sat, 2023-06-10 11:34:24
Time (end):   Sat, 2023-06-10 11:34:25
Duration: 0.43 seconds
Number of files: 1700
Utilization of max. archive size: 0%
------------------------------------------------------------------------------
                       Original size      Compressed size    Deduplicated size
This archive:               28.43 MB             10.34 MB             32.53 kB
All archives:               85.28 MB             31.03 MB              9.47 MB

                       Unique chunks         Total chunks
Chunk index:                    1287                 5091
------------------------------------------------------------------------------
------------------------------------------------------------------------------
Archive name: etc-2023-06-10_11:39:41
Archive fingerprint: dcd35c625df49d32d688ac0b228cb095e8c97011b0a631f6d013056027f097c4
Time (start): Sat, 2023-06-10 11:39:42
Time (end):   Sat, 2023-06-10 11:39:43
Duration: 0.38 seconds
Number of files: 1700
Utilization of max. archive size: 0%
------------------------------------------------------------------------------
                       Original size      Compressed size    Deduplicated size
This archive:               28.43 MB             10.34 MB                659 B
All archives:               85.28 MB             31.03 MB              9.44 MB

                       Unique chunks         Total chunks
Chunk index:                    1285                 5091
------------------------------------------------------------------------------
------------------------------------------------------------------------------
Archive name: etc-2023-06-10_11:45:31
Archive fingerprint: f5874a55b38f67e7e1ec294720b49b18b469275b5592ee30a89fe26267bba77e
Time (start): Sat, 2023-06-10 11:45:32
Time (end):   Sat, 2023-06-10 11:45:33
Duration: 0.39 seconds
Number of files: 1700
Utilization of max. archive size: 0%
------------------------------------------------------------------------------
                       Original size      Compressed size    Deduplicated size
This archive:               28.43 MB             10.34 MB                659 B
All archives:               85.28 MB             31.03 MB              9.44 MB

                       Unique chunks         Total chunks
Chunk index:                    1285                 5091
------------------------------------------------------------------------------
------------------------------------------------------------------------------
Archive name: etc-2023-06-10_11:50:41
Archive fingerprint: 5b639c2deee8910396385822254684960dd24278efd7858842b7adaf5f89e790
Time (start): Sat, 2023-06-10 11:50:42
Time (end):   Sat, 2023-06-10 11:50:43
Duration: 0.40 seconds
Number of files: 1700
Utilization of max. archive size: 0%
------------------------------------------------------------------------------
                       Original size      Compressed size    Deduplicated size
This archive:               28.43 MB             10.34 MB                659 B
All archives:               85.28 MB             31.03 MB              9.44 MB

                       Unique chunks         Total chunks
Chunk index:                    1285                 5091
------------------------------------------------------------------------------
------------------------------------------------------------------------------
Archive name: etc-2023-06-10_11:56:41
Archive fingerprint: 49a826d1982b43279581b6f6c1318c1f0a7e8778771a35cf9b2bbd7586212fc1
Time (start): Sat, 2023-06-10 11:56:42
Time (end):   Sat, 2023-06-10 11:56:43
Duration: 0.39 seconds
Number of files: 1700
Utilization of max. archive size: 0%
------------------------------------------------------------------------------
                       Original size      Compressed size    Deduplicated size
This archive:               28.43 MB             10.34 MB                659 B
All archives:               85.28 MB             31.03 MB              9.44 MB

                       Unique chunks         Total chunks
Chunk index:                    1285                 5091
------------------------------------------------------------------------------
------------------------------------------------------------------------------
Archive name: etc-2023-06-10_12:02:41
Archive fingerprint: ecc9568060eafa09c5f7fba0f95d489ce120c5c537337a81c65db1e812fd895f
Time (start): Sat, 2023-06-10 12:02:42
Time (end):   Sat, 2023-06-10 12:02:43
Duration: 0.38 seconds
Number of files: 1700
Utilization of max. archive size: 0%
------------------------------------------------------------------------------
                       Original size      Compressed size    Deduplicated size
This archive:               28.43 MB             10.34 MB                659 B
All archives:               85.28 MB             31.03 MB              9.44 MB

                       Unique chunks         Total chunks
Chunk index:                    1285                 5091
------------------------------------------------------------------------------
------------------------------------------------------------------------------
Archive name: etc-2023-06-10_12:08:41
Archive fingerprint: 7c22a920ec5dc87f464593c592fe7589cb523d60623ecee2c4ded572ab33d7c4
Time (start): Sat, 2023-06-10 12:08:42
Time (end):   Sat, 2023-06-10 12:08:43
Duration: 0.38 seconds
Number of files: 1700
Utilization of max. archive size: 0%
------------------------------------------------------------------------------
                       Original size      Compressed size    Deduplicated size
This archive:               28.43 MB             10.34 MB                659 B
All archives:              113.71 MB             41.37 MB              9.44 MB

                       Unique chunks         Total chunks
Chunk index:                    1286                 6788
------------------------------------------------------------------------------
------------------------------------------------------------------------------
Archive name: etc-2023-06-10_12:14:02
Archive fingerprint: ed9e1fcddd1eabc3b634badfe8aac103bd58b4e89970ae6f82392e4cb0f1fbaa
Time (start): Sat, 2023-06-10 12:14:03
Time (end):   Sat, 2023-06-10 12:14:03
Duration: 0.38 seconds
Number of files: 1700
Utilization of max. archive size: 0%
------------------------------------------------------------------------------
                       Original size      Compressed size    Deduplicated size
This archive:               28.43 MB             10.34 MB                657 B
All archives:              113.71 MB             41.37 MB              9.44 MB

                       Unique chunks         Total chunks
Chunk index:                    1286                 6788
------------------------------------------------------------------------------
------------------------------------------------------------------------------
Archive name: etc-2023-06-10_12:19:41
Archive fingerprint: cb55a0dff01d1f5fbe0ceb5c68a58b8988c411e9a3f1c3ccaf726dfed48fec56
Time (start): Sat, 2023-06-10 12:19:42
Time (end):   Sat, 2023-06-10 12:19:43
Duration: 0.49 seconds
Number of files: 1700
Utilization of max. archive size: 0%
------------------------------------------------------------------------------
                       Original size      Compressed size    Deduplicated size
This archive:               28.43 MB             10.34 MB                660 B
All archives:              113.71 MB             41.37 MB              9.44 MB

                       Unique chunks         Total chunks
Chunk index:                    1286                 6788
------------------------------------------------------------------------------
------------------------------------------------------------------------------
Archive name: etc-2023-06-10_12:25:41
Archive fingerprint: b6a02343aae323646955168da22759c568667b726eab0e4602bf0cdd0d02e5e5
Time (start): Sat, 2023-06-10 12:25:42
Time (end):   Sat, 2023-06-10 12:25:43
Duration: 0.41 seconds
Number of files: 1700
Utilization of max. archive size: 0%
------------------------------------------------------------------------------
                       Original size      Compressed size    Deduplicated size
This archive:               28.43 MB             10.34 MB                659 B
All archives:              113.71 MB             41.37 MB              9.44 MB

                       Unique chunks         Total chunks
Chunk index:                    1286                 6788
------------------------------------------------------------------------------
------------------------------------------------------------------------------
Archive name: etc-2023-06-10_12:31:41
Archive fingerprint: 6f2aa00cfea1c01482cd5b948b4e0006899150ec6b7edcee91484a721318d686
Time (start): Sat, 2023-06-10 12:31:42
Time (end):   Sat, 2023-06-10 12:31:43
Duration: 0.39 seconds
Number of files: 1700
Utilization of max. archive size: 0%
------------------------------------------------------------------------------
                       Original size      Compressed size    Deduplicated size
This archive:               28.43 MB             10.34 MB                659 B
All archives:              113.71 MB             41.37 MB              9.44 MB

                       Unique chunks         Total chunks
Chunk index:                    1286                 6788
------------------------------------------------------------------------------
------------------------------------------------------------------------------
Archive name: etc-2023-06-10_12:37:41
Archive fingerprint: 47e6be4793dc83d7ccbd44a89c734a818eca8dfd5689778bbaa8f1dcbfcf38b4
Time (start): Sat, 2023-06-10 12:37:42
Time (end):   Sat, 2023-06-10 12:37:43
Duration: 0.41 seconds
Number of files: 1700
Utilization of max. archive size: 0%
------------------------------------------------------------------------------
                       Original size      Compressed size    Deduplicated size
This archive:               28.43 MB             10.34 MB                659 B
All archives:              113.71 MB             41.37 MB              9.44 MB

                       Unique chunks         Total chunks
Chunk index:                    1286                 6788
------------------------------------------------------------------------------
------------------------------------------------------------------------------
Archive name: etc-2023-06-10_12:43:41
Archive fingerprint: 0230996f341008fc0883ef2d6ddeb11fbbd732018e06459b41914c069659c638
Time (start): Sat, 2023-06-10 12:43:42
Time (end):   Sat, 2023-06-10 12:43:43
Duration: 0.42 seconds
Number of files: 1700
Utilization of max. archive size: 0%
------------------------------------------------------------------------------
                       Original size      Compressed size    Deduplicated size
This archive:               28.43 MB             10.34 MB                659 B
All archives:              113.71 MB             41.37 MB              9.44 MB

                       Unique chunks         Total chunks
Chunk index:                    1286                 6788
------------------------------------------------------------------------------
------------------------------------------------------------------------------
Archive name: etc-2023-06-10_12:49:41
Archive fingerprint: 24261f66c6d9d047008befa0cb066c15fd761916b2d6a39f6065ab91a8e4db1d
Time (start): Sat, 2023-06-10 12:49:42
Time (end):   Sat, 2023-06-10 12:49:43
Duration: 0.37 seconds
Number of files: 1700
Utilization of max. archive size: 0%
------------------------------------------------------------------------------
                       Original size      Compressed size    Deduplicated size
This archive:               28.43 MB             10.34 MB                659 B
All archives:              113.71 MB             41.37 MB              9.44 MB

                       Unique chunks         Total chunks
Chunk index:                    1286                 6788
------------------------------------------------------------------------------
------------------------------------------------------------------------------
Archive name: etc-2023-06-10_12:55:41
Archive fingerprint: 179c7bcf487029681b9e898b39c9496b4f1a5f7c3ee7ab88147a69f82ca98e08
Time (start): Sat, 2023-06-10 12:55:42
Time (end):   Sat, 2023-06-10 12:55:43
Duration: 0.41 seconds
Number of files: 1700
Utilization of max. archive size: 0%
------------------------------------------------------------------------------
                       Original size      Compressed size    Deduplicated size
This archive:               28.43 MB             10.34 MB                659 B
All archives:              113.71 MB             41.37 MB              9.44 MB

                       Unique chunks         Total chunks
Chunk index:                    1286                 6788
------------------------------------------------------------------------------
------------------------------------------------------------------------------
Archive name: etc-2023-06-10_13:01:01
Archive fingerprint: 1aeee01066567965037b17bd13f0c21545d02d132e6680c77c7a2a3961e452a8
Time (start): Sat, 2023-06-10 13:01:02
Time (end):   Sat, 2023-06-10 13:01:03
Duration: 0.43 seconds
Number of files: 1700
Utilization of max. archive size: 0%
------------------------------------------------------------------------------
                       Original size      Compressed size    Deduplicated size
This archive:               28.43 MB             10.34 MB                659 B
All archives:              113.71 MB             41.37 MB              9.44 MB

                       Unique chunks         Total chunks
Chunk index:                    1286                 6788
------------------------------------------------------------------------------
------------------------------------------------------------------------------
Archive name: etc-2023-06-10_13:06:01
Archive fingerprint: bdaab9b56c325c3f4c1add948040640a8dd9c1f9a6c3f1a6300fdf1cece99d4c
Time (start): Sat, 2023-06-10 13:06:02
Time (end):   Sat, 2023-06-10 13:06:03
Duration: 0.42 seconds
Number of files: 1700
Utilization of max. archive size: 0%
------------------------------------------------------------------------------
                       Original size      Compressed size    Deduplicated size
This archive:               28.43 MB             10.34 MB                659 B
All archives:              142.14 MB             51.72 MB              9.44 MB

                       Unique chunks         Total chunks
Chunk index:                    1287                 8485
------------------------------------------------------------------------------
------------------------------------------------------------------------------
Archive name: etc-2023-06-10_13:11:41
Archive fingerprint: 541e128e52405e8240dd8384a7d964319f0ccaebf23597da78ed0410aae72a28
Time (start): Sat, 2023-06-10 13:11:42
Time (end):   Sat, 2023-06-10 13:11:43
Duration: 0.38 seconds
Number of files: 1700
Utilization of max. archive size: 0%
------------------------------------------------------------------------------
                       Original size      Compressed size    Deduplicated size
This archive:               28.43 MB             10.34 MB                659 B
All archives:              142.14 MB             51.72 MB              9.44 MB

                       Unique chunks         Total chunks
Chunk index:                    1287                 8485
------------------------------------------------------------------------------
------------------------------------------------------------------------------
Archive name: etc-2023-06-10_13:17:41
Archive fingerprint: b3b95fe02315a327b5abd0c3aa2c7242a2d4acbd282fe57db6c36f6f2ba3bb23
Time (start): Sat, 2023-06-10 13:17:42
Time (end):   Sat, 2023-06-10 13:17:43
Duration: 0.42 seconds
Number of files: 1700
Utilization of max. archive size: 0%
------------------------------------------------------------------------------
                       Original size      Compressed size    Deduplicated size
This archive:               28.43 MB             10.34 MB                659 B
All archives:              142.14 MB             51.72 MB              9.44 MB

                       Unique chunks         Total chunks
Chunk index:                    1287                 8485
------------------------------------------------------------------------------
------------------------------------------------------------------------------
Archive name: etc-2023-06-10_13:23:41
Archive fingerprint: 7a49d7d4ff9fd9b3544aba3560a16525ea494a61bb1c5f3e135db1ddf2b2c562
Time (start): Sat, 2023-06-10 13:23:42
Time (end):   Sat, 2023-06-10 13:23:43
Duration: 0.39 seconds
Number of files: 1700
Utilization of max. archive size: 0%
------------------------------------------------------------------------------
                       Original size      Compressed size    Deduplicated size
This archive:               28.43 MB             10.34 MB                659 B
All archives:              142.14 MB             51.72 MB              9.44 MB

                       Unique chunks         Total chunks
Chunk index:                    1287                 8485
------------------------------------------------------------------------------
------------------------------------------------------------------------------
Archive name: etc-2023-06-10_13:29:41
Archive fingerprint: 9f1d077e88c951522927a4c2e78455b0ef13043629e2b55ee5d85bc261ea4e13
Time (start): Sat, 2023-06-10 13:29:42
Time (end):   Sat, 2023-06-10 13:29:43
Duration: 0.38 seconds
Number of files: 1700
Utilization of max. archive size: 0%
------------------------------------------------------------------------------
                       Original size      Compressed size    Deduplicated size
This archive:               28.43 MB             10.34 MB                659 B
All archives:              142.14 MB             51.72 MB              9.44 MB

                       Unique chunks         Total chunks
Chunk index:                    1287                 8485
------------------------------------------------------------------------------
------------------------------------------------------------------------------
Archive name: etc-2023-06-10_13:35:41
Archive fingerprint: 31c8d4c008683524b0a5db2930c8ad7e5d7afcc8e6caefd8eca13546dbe412db
Time (start): Sat, 2023-06-10 13:35:42
Time (end):   Sat, 2023-06-10 13:35:43
Duration: 0.39 seconds
Number of files: 1700
Utilization of max. archive size: 0%
------------------------------------------------------------------------------
                       Original size      Compressed size    Deduplicated size
This archive:               28.43 MB             10.34 MB                659 B
All archives:              142.14 MB             51.72 MB              9.44 MB

                       Unique chunks         Total chunks
Chunk index:                    1287                 8485
------------------------------------------------------------------------------
------------------------------------------------------------------------------
Archive name: etc-2023-06-10_13:41:41
Archive fingerprint: 0684781358b35ba64277d959a1c8c165690a3296a2f9abf5c221b66ea01737a5
Time (start): Sat, 2023-06-10 13:41:42
Time (end):   Sat, 2023-06-10 13:41:43
Duration: 0.43 seconds
Number of files: 1700
Utilization of max. archive size: 0%
------------------------------------------------------------------------------
                       Original size      Compressed size    Deduplicated size
This archive:               28.43 MB             10.34 MB                659 B
All archives:              142.14 MB             51.72 MB              9.44 MB

                       Unique chunks         Total chunks
Chunk index:                    1287                 8485
------------------------------------------------------------------------------
------------------------------------------------------------------------------
Archive name: etc-2023-06-10_13:47:41
Archive fingerprint: b47d8665f39bb96db47d4384dba71f60258aaf12291303ee68620fbcff8d56a6
Time (start): Sat, 2023-06-10 13:47:42
Time (end):   Sat, 2023-06-10 13:47:43
Duration: 0.44 seconds
Number of files: 1700
Utilization of max. archive size: 0%
------------------------------------------------------------------------------
                       Original size      Compressed size    Deduplicated size
This archive:               28.43 MB             10.34 MB                659 B
All archives:              142.14 MB             51.72 MB              9.44 MB

                       Unique chunks         Total chunks
Chunk index:                    1287                 8485
------------------------------------------------------------------------------
------------------------------------------------------------------------------
Archive name: etc-2023-06-10_13:53:41
Archive fingerprint: 3d8f0a9710a1335e31d05696a02c927a0378e31cee4981d91dbd4669fd965aad
Time (start): Sat, 2023-06-10 13:53:42
Time (end):   Sat, 2023-06-10 13:53:43
Duration: 0.44 seconds
Number of files: 1700
Utilization of max. archive size: 0%
------------------------------------------------------------------------------
                       Original size      Compressed size    Deduplicated size
This archive:               28.43 MB             10.34 MB                659 B
All archives:              142.14 MB             51.72 MB              9.44 MB

                       Unique chunks         Total chunks
Chunk index:                    1287                 8485
------------------------------------------------------------------------------
------------------------------------------------------------------------------
Archive name: etc-2023-06-10_13:59:41
Archive fingerprint: f3829331e4ef3a11fdf99c119bb7ee03404b18315787d648e417192869da90ee
Time (start): Sat, 2023-06-10 13:59:42
Time (end):   Sat, 2023-06-10 13:59:43
Duration: 0.39 seconds
Number of files: 1700
Utilization of max. archive size: 0%
------------------------------------------------------------------------------
                       Original size      Compressed size    Deduplicated size
This archive:               28.43 MB             10.34 MB                659 B
All archives:              142.14 MB             51.72 MB              9.44 MB

                       Unique chunks         Total chunks
Chunk index:                    1287                 8485
------------------------------------------------------------------------------
------------------------------------------------------------------------------
Archive name: etc-2023-06-10_14:05:41
Archive fingerprint: 7bbf935a66a85ce121e57faa606711e01084c08c08f9457f4ea3fbfc2a2411cb
Time (start): Sat, 2023-06-10 14:05:42
Time (end):   Sat, 2023-06-10 14:05:43
Duration: 0.41 seconds
Number of files: 1700
Utilization of max. archive size: 0%
------------------------------------------------------------------------------
                       Original size      Compressed size    Deduplicated size
This archive:               28.43 MB             10.34 MB                659 B
All archives:              142.14 MB             51.72 MB              9.44 MB

                       Unique chunks         Total chunks
Chunk index:                    1287                 8485
------------------------------------------------------------------------------
------------------------------------------------------------------------------
Archive name: etc-2023-06-10_14:11:41
Archive fingerprint: c62779c11e940547cffb31c6f7a1e315c28ebf26537cd7cd974c0f37a7a061f5
Time (start): Sat, 2023-06-10 14:11:42
Time (end):   Sat, 2023-06-10 14:11:43
Duration: 0.42 seconds
Number of files: 1700
Utilization of max. archive size: 0%
------------------------------------------------------------------------------
                       Original size      Compressed size    Deduplicated size
This archive:               28.43 MB             10.34 MB                659 B
All archives:              170.56 MB             62.06 MB              9.44 MB

                       Unique chunks         Total chunks
Chunk index:                    1288                10182
------------------------------------------------------------------------------
------------------------------------------------------------------------------
Archive name: etc-2023-06-10_14:17:41
Archive fingerprint: 3644cbc987afcf04b22de7c379e9842e0952b06fc38312df79d11ec524263ab2
Time (start): Sat, 2023-06-10 14:17:42
Time (end):   Sat, 2023-06-10 14:17:43
Duration: 0.42 seconds
Number of files: 1700
Utilization of max. archive size: 0%
------------------------------------------------------------------------------
                       Original size      Compressed size    Deduplicated size
This archive:               28.43 MB             10.34 MB                659 B
All archives:              170.56 MB             62.06 MB              9.44 MB

                       Unique chunks         Total chunks
Chunk index:                    1288                10182
------------------------------------------------------------------------------
------------------------------------------------------------------------------
Archive name: etc-2023-06-10_14:23:41
Archive fingerprint: a12d25c6325f0a9752bad2c5f62434026e686a7d402f6c155b0a8ecea3b5dc35
Time (start): Sat, 2023-06-10 14:23:42
Time (end):   Sat, 2023-06-10 14:23:43
Duration: 0.42 seconds
Number of files: 1700
Utilization of max. archive size: 0%
------------------------------------------------------------------------------
                       Original size      Compressed size    Deduplicated size
This archive:               28.43 MB             10.34 MB                659 B
All archives:              170.56 MB             62.06 MB              9.44 MB

                       Unique chunks         Total chunks
Chunk index:                    1288                10182
------------------------------------------------------------------------------
------------------------------------------------------------------------------
Archive name: etc-2023-06-10_14:29:41
Archive fingerprint: 987a3263704feec4da968b704867e8491d32f3847d4c8fa10fbebe977b95d493
Time (start): Sat, 2023-06-10 14:29:42
Time (end):   Sat, 2023-06-10 14:29:43
Duration: 0.42 seconds
Number of files: 1700
Utilization of max. archive size: 0%
------------------------------------------------------------------------------
                       Original size      Compressed size    Deduplicated size
This archive:               28.43 MB             10.34 MB                659 B
All archives:              170.56 MB             62.06 MB              9.44 MB

                       Unique chunks         Total chunks
Chunk index:                    1288                10182
------------------------------------------------------------------------------
------------------------------------------------------------------------------
Archive name: etc-2023-06-10_14:35:41
Archive fingerprint: a2b53dd8a02de0a7b7fd11d4898be6295aee948e3aec4415b6ef78ce75e134b7
Time (start): Sat, 2023-06-10 14:35:42
Time (end):   Sat, 2023-06-10 14:35:43s
Duration: 0.43 seconds
Number of files: 1700
Utilization of max. archive size: 0%
------------------------------------------------------------------------------
                       Original size      Compressed size    Deduplicated size
This archive:               28.43 MB             10.34 MB                659 B
All archives:              170.56 MB             62.06 MB              9.44 MB

                       Unique chunks         Total chunks
Chunk index:                    1288                10182
------------------------------------------------------------------------------